2025-08-25T02:58:00: 🔐 セキュアExcelチャットボット サーバー起動: http://localhost:5000
2025-08-25T02:58:00: 🛡️ セキュリティ機能: 認証, レート制限, CSRF保護, XSS防止
2025-08-25T02:58:00: 📊 Excel専門AI: 準備完了（デモ版）
2025-08-25T02:58:00: 💬 WebSocket: 有効
2025-08-25T03:04:34: 🔐 セキュアExcelチャットボット WebApp起動: http://localhost:5000
2025-08-25T03:04:34: 🛡️ セキュリティ機能: 認証, レート制限, CSRF保護, XSS防止
2025-08-25T03:04:34: 📊 Excel専門AI: 準備完了（Webアプリ版）
2025-08-25T03:04:34: 💬 WebSocket: 有効
2025-08-25T03:04:34: 🎯 デモアカウント: demo / demo123
2025-08-25T03:22:32: 🔐 セキュアExcelチャットボット WebApp起動: http://localhost:5000
2025-08-25T03:22:32: 🛡️ セキュリティ機能: 認証, レート制限, CSRF保護, XSS防止
2025-08-25T03:22:32: 📊 Excel専門AI: 準備完了（Webアプリ版）
2025-08-25T03:22:32: 💬 WebSocket: 有効
2025-08-25T03:22:32: 🎯 デモアカウント: demo / demo123
2025-08-25T03:23:02: 🔐 セキュアExcelチャットボット WebApp起動: http://localhost:5000
2025-08-25T03:23:02: 🛡️ セキュリティ機能: 認証, レート制限, CSRF保護, XSS防止
2025-08-25T03:23:02: 📊 Excel専門AI: 準備完了（Webアプリ版）
2025-08-25T03:23:02: 💬 WebSocket: 有効
2025-08-25T03:23:02: 🎯 デモアカウント: demo / demo123
2025-08-25T03:23:06: ログイン試行: { username: 'demo', password: 'demo123' }
2025-08-25T03:23:06: ログイン成功: demo user
2025-08-25T03:23:34: ログイン試行: { username: 'demo', password: 'demo123' }
2025-08-25T03:23:34: ログイン成功: demo user
